D:\VS\MFC CASYNCSOCKET DEMO\DEBUG\MFC CASYNCSOCKET DEMO.EXE
D:\VS\MFC CASYNCSOCKET DEMO\DEBUG\MFC CASYNCSOCKET DEMO.ILK
D:\VS\MFC CASYNCSOCKET DEMO\DEBUG\MFC CASYNCSOCKET DEMO.PDB
D:\VS\MFC CAsyncSocket demo\MFC CAsyncSocket demo\Debug\cl.command.1.tlog
D:\VS\MFC CAsyncSocket demo\MFC CAsyncSocket demo\Debug\CL.read.1.tlog
D:\VS\MFC CAsyncSocket demo\MFC CAsyncSocket demo\Debug\CL.write.1.tlog
D:\VS\MFC CAsyncSocket demo\MFC CAsyncSocket demo\Debug\link.command.1.tlog
D:\VS\MFC CAsyncSocket demo\MFC CAsyncSocket demo\Debug\link.read.1.tlog
D:\VS\MFC CAsyncSocket demo\MFC CAsyncSocket demo\Debug\link.write.1.tlog
D:\VS\MFC CAsyncSocket demo\MFC CAsyncSocket demo\Debug\link-cvtres.read.1.tlog
D:\VS\MFC CAsyncSocket demo\MFC CAsyncSocket demo\Debug\link-cvtres.write.1.tlog
D:\VS\MFC CASYNCSOCKET DEMO\MFC CASYNCSOCKET DEMO\DEBUG\MFC CASYNCSOCKET DEMO.EXE.EMBED.MANIFEST
D:\VS\MFC CASYNCSOCKET DEMO\MFC CASYNCSOCKET DEMO\DEBUG\MFC CASYNCSOCKET DEMO.EXE.EMBED.MANIFEST.RES
D:\VS\MFC CASYNCSOCKET DEMO\MFC CASYNCSOCKET DEMO\DEBUG\MFC CASYNCSOCKET DEMO.EXE.INTERMEDIATE.MANIFEST
D:\VS\MFC CASYNCSOCKET DEMO\MFC CASYNCSOCKET DEMO\DEBUG\MFC CASYNCSOCKET DEMO.OBJ
D:\VS\MFC CASYNCSOCKET DEMO\MFC CASYNCSOCKET DEMO\DEBUG\MFC CASYNCSOCKET DEMO.PCH
D:\VS\MFC CASYNCSOCKET DEMO\MFC CASYNCSOCKET DEMO\DEBUG\MFC CASYNCSOCKET DEMO.RES
D:\VS\MFC CAsyncSocket demo\MFC CAsyncSocket demo\Debug\MFC CAsyncSocket demo_manifest.rc
D:\VS\MFC CASYNCSOCKET DEMO\MFC CASYNCSOCKET DEMO\DEBUG\MFC CASYNCSOCKET DEMODLG.OBJ
D:\VS\MFC CAsyncSocket demo\MFC CAsyncSocket demo\Debug\mt.command.1.tlog
D:\VS\MFC CAsyncSocket demo\MFC CAsyncSocket demo\Debug\mt.read.1.tlog
D:\VS\MFC CAsyncSocket demo\MFC CAsyncSocket demo\Debug\mt.write.1.tlog
D:\VS\MFC CASYNCSOCKET DEMO\MFC CASYNCSOCKET DEMO\DEBUG\MYSOCKET.OBJ
D:\VS\MFC CAsyncSocket demo\MFC CAsyncSocket demo\Debug\rc.command.1.tlog
D:\VS\MFC CAsyncSocket demo\MFC CAsyncSocket demo\Debug\rc.read.1.tlog
D:\VS\MFC CAsyncSocket demo\MFC CAsyncSocket demo\Debug\rc.write.1.tlog
D:\VS\MFC CASYNCSOCKET DEMO\MFC CASYNCSOCKET DEMO\DEBUG\STDAFX.OBJ
D:\VS\MFC CAsyncSocket demo\MFC CAsyncSocket demo\Debug\vc100.idb
D:\VS\MFC CASYNCSOCKET DEMO\MFC CASYNCSOCKET DEMO\DEBUG\VC100.PDB
